Looking for git in: git
Using git 2.26.2 from git
> git rev-parse --show-toplevel
> git rev-parse --git-dir
Open repository: /home/tarkin/Documents/Tarks-Discord-Bot
> git status -z -u
> git symbolic-ref --short HEAD
> git rev-parse master
> git rev-parse --symbolic-full-name master@{u}
> git rev-list --left-right master...refs/remotes/origin/master
> git for-each-ref --format %(refname) %(objectname) --sort -committerdate
> git remote --verbose
> git config --get commit.template
> git show :index.js
> git ls-files --stage -- /home/tarkin/Documents/Tarks-Discord-Bot/index.js
> git check-ignore -v -z --stdin
> git cat-file -s e823c626cf2a3631540f9fc864d112095567b64d
> git status -z -u
> git symbolic-ref --short HEAD
> git rev-parse master
> git rev-parse --symbolic-full-name master@{u}
> git rev-list --left-right master...refs/remotes/origin/master
> git for-each-ref --format %(refname) %(objectname) --sort -committerdate
> git remote --verbose
> git config --get commit.template
> git show :config.json
> git ls-files --stage -- /home/tarkin/Documents/Tarks-Discord-Bot/config.json
> git cat-file -s b7cf20c3f4e28c9f638336d449290033ccdc5ea6
> git status -z -u
> git symbolic-ref --short HEAD
> git rev-parse master
> git rev-parse --symbolic-full-name master@{u}
> git rev-list --left-right master...refs/remotes/origin/master
> git for-each-ref --format %(refname) %(objectname) --sort -committerdate
> git remote --verbose
> git config --get commit.template
> git status -z -u
> git symbolic-ref --short HEAD
> git rev-parse master
> git rev-parse --symbolic-full-name master@{u}
> git rev-list --left-right master...refs/remotes/origin/master
> git for-each-ref --format %(refname) %(objectname) --sort -committerdate
> git remote --verbose
> git config --get commit.template
> git show :token.json
> git ls-files --stage -- /home/tarkin/Documents/Tarks-Discord-Bot/token.json
> git show :index.js
> git ls-files --stage -- /home/tarkin/Documents/Tarks-Discord-Bot/index.js
> git cat-file -s e823c626cf2a3631540f9fc864d112095567b64d
> git status -z -u
> git symbolic-ref --short HEAD
> git ls-files --stage -- /home/tarkin/Documents/Tarks-Discord-Bot/index.js
> git rev-parse master
> git rev-parse --symbolic-full-name master@{u}
> git cat-file -s c01a2c5ef894fdca8e000e98422b4677c2cb0674
> git rev-list --left-right master...refs/remotes/origin/master
> git for-each-ref --format %(refname) %(objectname) --sort -committerdate
> git remote --verbose
> git config --get commit.template
> git show :index.js
