Looking for git in: git
Using git 2.26.2 from git
> git rev-parse --show-toplevel
> git rev-parse --git-dir
Open repository: /home/tarkin/Documents/Tarks-Discord-Bot
> git status -z -u
> git symbolic-ref --short HEAD
> git rev-parse linux-os
> git rev-parse --symbolic-full-name linux-os@{u}
fatal: no upstream configured for branch 'linux-os'
> git for-each-ref --format %(refname) %(objectname) --sort -committerdate
> git remote --verbose
> git config --get commit.template
> git check-ignore -v -z --stdin
> git show :index.js
> git ls-files --stage -- /home/tarkin/Documents/Tarks-Discord-Bot/index.js
> git cat-file -s e823c626cf2a3631540f9fc864d112095567b64d
> git show :token.json
> git ls-files --stage -- /home/tarkin/Documents/Tarks-Discord-Bot/token.json
> git check-ignore -v -z --stdin
> git status -z -u
> git symbolic-ref --short HEAD
> git rev-parse linux-os
> git rev-parse --symbolic-full-name linux-os@{u}
fatal: no upstream configured for branch 'linux-os'
> git for-each-ref --format %(refname) %(objectname) --sort -committerdate
> git remote --verbose
> git config --get commit.template
> git show :config.json
> git ls-files --stage -- /home/tarkin/Documents/Tarks-Discord-Bot/config.json
> git cat-file -s b7cf20c3f4e28c9f638336d449290033ccdc5ea6
> git status -z -u
> git symbolic-ref --short HEAD
> git rev-parse linux-os
> git rev-parse --symbolic-full-name linux-os@{u}
fatal: no upstream configured for branch 'linux-os'
> git for-each-ref --format %(refname) %(objectname) --sort -committerdate
> git remote --verbose
> git config --get commit.template
> git show :token.json
> git ls-files --stage -- /home/tarkin/Documents/Tarks-Discord-Bot/token.json
> git status -z -u
> git symbolic-ref --short HEAD
> git rev-parse linux-os
> git rev-parse --symbolic-full-name linux-os@{u}
fatal: no upstream configured for branch 'linux-os'
> git for-each-ref --format %(refname) %(objectname) --sort -committerdate
> git remote --verbose
> git config --get commit.template
> git show :config.json
> git ls-files --stage -- /home/tarkin/Documents/Tarks-Discord-Bot/config.json
> git cat-file -s b7cf20c3f4e28c9f638336d449290033ccdc5ea6
> git show :token.json
> git ls-files --stage -- /home/tarkin/Documents/Tarks-Discord-Bot/token.json
> git show :index.js
> git ls-files --stage -- /home/tarkin/Documents/Tarks-Discord-Bot/index.js
> git status -z -u
> git cat-file -s e823c626cf2a3631540f9fc864d112095567b64d
> git symbolic-ref --short HEAD
> git rev-parse linux-os
> git rev-parse --symbolic-full-name linux-os@{u}
fatal: no upstream configured for branch 'linux-os'
> git for-each-ref --format %(refname) %(objectname) --sort -committerdate
> git remote --verbose
> git config --get commit.template
> git status -z -u
> git symbolic-ref --short HEAD
> git rev-parse linux-os
> git rev-parse --symbolic-full-name linux-os@{u}
fatal: no upstream configured for branch 'linux-os'
> git for-each-ref --format %(refname) %(objectname) --sort -committerdate
> git remote --verbose
> git config --get commit.template
