[2020-05-20 14:55:18.200] [renderer1] [error] ioctl(2) failed, EBADF: Error: ioctl(2) failed, EBADF
    at UnixTerminal.resize (/usr/share/code/resources/app/node_modules.asar/node-pty/lib/unixTerminal.js:238:13)
    at e.resize (file:///usr/share/code/resources/app/out/vs/workbench/workbench.desktop.main.js:3342:64)
    at e.setDimensions (file:///usr/share/code/resources/app/out/vs/workbench/workbench.desktop.main.js:4344:978)
    at e._resize (file:///usr/share/code/resources/app/out/vs/workbench/workbench.desktop.main.js:4443:108)
[2020-05-20 15:45:14.163] [renderer1] [error] <semantic> TypeScript Server Error (3.8.3)
Debug Failure. False expression.
Error: Debug Failure. False expression.
    at /usr/share/code/resources/app/extensions/node_modules/typescript/lib/tsserver.js:111736:30
    at Object.arrayFrom (/usr/share/code/resources/app/extensions/node_modules/typescript/lib/tsserver.js:1179:31)
    at getSemanticDocumentHighlights (/usr/share/code/resources/app/extensions/node_modules/typescript/lib/tsserver.js:111733:23)
    at Object.getDocumentHighlights (/usr/share/code/resources/app/extensions/node_modules/typescript/lib/tsserver.js:111717:20)
    at Proxy.getDocumentHighlights (/usr/share/code/resources/app/extensions/node_modules/typescript/lib/tsserver.js:135456:42)
    at IOSession.Session.getDocumentHighlights (/usr/share/code/resources/app/extensions/node_modules/typescript/lib/tsserver.js:145100:71)
    at Session.handlers.ts.createMapFromTemplate._a.<computed> (/usr/share/code/resources/app/extensions/node_modules/typescript/lib/tsserver.js:144490:61)
    at /usr/share/code/resources/app/extensions/node_modules/typescript/lib/tsserver.js:146003:88
    at IOSession.Session.executeWithRequestId (/usr/share/code/resources/app/extensions/node_modules/typescript/lib/tsserver.js:145994:28)
    at IOSession.Session.executeCommand (/usr/share/code/resources/app/extensions/node_modules/typescript/lib/tsserver.js:146003:33)
    at IOSession.Session.onMessage (/usr/share/code/resources/app/extensions/node_modules/typescript/lib/tsserver.js:146027:35)
    at Interface.<anonymous> (/usr/share/code/resources/app/extensions/node_modules/typescript/lib/tsserver.js:147342:27)
    at Interface.emit (events.js:203:13)
    at Interface._onLine (readline.js:316:10)
    at Interface._normalWrite (readline.js:461:12)
    at Socket.ondata (readline.js:172:10)
    at Socket.emit (events.js:203:13)
    at addChunk (_stream_readable.js:295:12)
    at readableAddChunk (_stream_readable.js:276:11)
    at Socket.Readable.push (_stream_readable.js:210:10)
    at Pipe.onStreamRead (internal/stream_base_commons.js:166:17): Error: <semantic> TypeScript Server Error (3.8.3)
Debug Failure. False expression.
Error: Debug Failure. False expression.
    at /usr/share/code/resources/app/extensions/node_modules/typescript/lib/tsserver.js:111736:30
    at Object.arrayFrom (/usr/share/code/resources/app/extensions/node_modules/typescript/lib/tsserver.js:1179:31)
    at getSemanticDocumentHighlights (/usr/share/code/resources/app/extensions/node_modules/typescript/lib/tsserver.js:111733:23)
    at Object.getDocumentHighlights (/usr/share/code/resources/app/extensions/node_modules/typescript/lib/tsserver.js:111717:20)
    at Proxy.getDocumentHighlights (/usr/share/code/resources/app/extensions/node_modules/typescript/lib/tsserver.js:135456:42)
    at IOSession.Session.getDocumentHighlights (/usr/share/code/resources/app/extensions/node_modules/typescript/lib/tsserver.js:145100:71)
    at Session.handlers.ts.createMapFromTemplate._a.<computed> (/usr/share/code/resources/app/extensions/node_modules/typescript/lib/tsserver.js:144490:61)
    at /usr/share/code/resources/app/extensions/node_modules/typescript/lib/tsserver.js:146003:88
    at IOSession.Session.executeWithRequestId (/usr/share/code/resources/app/extensions/node_modules/typescript/lib/tsserver.js:145994:28)
    at IOSession.Session.executeCommand (/usr/share/code/resources/app/extensions/node_modules/typescript/lib/tsserver.js:146003:33)
    at IOSession.Session.onMessage (/usr/share/code/resources/app/extensions/node_modules/typescript/lib/tsserver.js:146027:35)
    at Interface.<anonymous> (/usr/share/code/resources/app/extensions/node_modules/typescript/lib/tsserver.js:147342:27)
    at Interface.emit (events.js:203:13)
    at Interface._onLine (readline.js:316:10)
    at Interface._normalWrite (readline.js:461:12)
    at Socket.ondata (readline.js:172:10)
    at Socket.emit (events.js:203:13)
    at addChunk (_stream_readable.js:295:12)
    at readableAddChunk (_stream_readable.js:276:11)
    at Socket.Readable.push (_stream_readable.js:210:10)
    at Pipe.onStreamRead (internal/stream_base_commons.js:166:17)
	at Function.create (/usr/share/code/resources/app/extensions/typescript-language-features/dist/extension.js:1:52449)
	at e.dispatchResponse (/usr/share/code/resources/app/extensions/typescript-language-features/dist/extension.js:1:222369)
	at e.dispatchMessage (/usr/share/code/resources/app/extensions/typescript-language-features/dist/extension.js:1:221287)
	at /usr/share/code/resources/app/extensions/typescript-language-features/dist/extension.js:1:220763
	at e.fire (/usr/share/code/resources/app/out/vs/workbench/services/extensions/node/extensionHostProcess.js:46:67)
	at t.Reader.onLengthData (/usr/share/code/resources/app/extensions/typescript-language-features/dist/extension.js:1:229425)
	at Socket.<anonymous> (/usr/share/code/resources/app/extensions/typescript-language-features/dist/extension.js:1:229073)
	at Socket.emit (events.js:203:13)
	at addChunk (_stream_readable.js:295:12)
	at readableAddChunk (_stream_readable.js:276:11)
	at Socket.Readable.push (_stream_readable.js:210:10)
	at Pipe.onStreamRead (internal/stream_base_commons.js:166:17)
[2020-05-20 21:11:38.458] [renderer1] [error] TreeError [MarkersView] Tree element not found: [object Object]: Error: TreeError [MarkersView] Tree element not found: [object Object]
    at t.ObjectTreeModel.getElementLocation (file:///usr/share/code/resources/app/out/vs/workbench/workbench.desktop.main.js:114:373)
    at t.ObjectTreeModel.isCollapsed (file:///usr/share/code/resources/app/out/vs/workbench/workbench.desktop.main.js:113:502)
    at e.isCollapsed (file:///usr/share/code/resources/app/out/vs/workbench/workbench.desktop.main.js:1088:430)
    at e.autoReveal (file:///usr/share/code/resources/app/out/vs/workbench/workbench.desktop.main.js:6902:15)
    at e.onActiveEditorChanged (file:///usr/share/code/resources/app/out/vs/workbench/workbench.desktop.main.js:6898:1000)
    at file:///usr/share/code/resources/app/out/vs/workbench/workbench.desktop.main.js:6897:850
    at file:///usr/share/code/resources/app/out/vs/workbench/workbench.desktop.main.js:92:219
    at e.fire (file:///usr/share/code/resources/app/out/vs/workbench/workbench.desktop.main.js:95:801)
    at e.doHandleActiveEditorChangeEvent (file:///usr/share/code/resources/app/out/vs/workbench/workbench.desktop.main.js:5908:1011)
    at e.handleActiveEditorChange (file:///usr/share/code/resources/app/out/vs/workbench/workbench.desktop.main.js:5908:809)
    at file:///usr/share/code/resources/app/out/vs/workbench/workbench.desktop.main.js:5909:104
    at e.fire (file:///usr/share/code/resources/app/out/vs/workbench/workbench.desktop.main.js:95:801)
    at file:///usr/share/code/resources/app/out/vs/workbench/workbench.desktop.main.js:6120:679
    at async e.openEditor (file:///usr/share/code/resources/app/out/vs/workbench/workbench.desktop.main.js:6119:589)
    at async e.editorOpenHandler (file:///usr/share/code/resources/app/out/vs/workbench/workbench.desktop.main.js:6858:403)
    at async e.openEditor (file:///usr/share/code/resources/app/out/vs/workbench/workbench.desktop.main.js:5922:233)
    at async file:///usr/share/code/resources/app/out/vs/workbench/workbench.desktop.main.js:6832:974
[2020-05-20 21:25:07.232] [renderer1] [error] TreeError [MarkersView] Tree element not found: [object Object]: Error: TreeError [MarkersView] Tree element not found: [object Object]
    at t.ObjectTreeModel.getElementLocation (file:///usr/share/code/resources/app/out/vs/workbench/workbench.desktop.main.js:114:373)
    at t.ObjectTreeModel.isCollapsed (file:///usr/share/code/resources/app/out/vs/workbench/workbench.desktop.main.js:113:502)
    at e.isCollapsed (file:///usr/share/code/resources/app/out/vs/workbench/workbench.desktop.main.js:1088:430)
    at e.autoReveal (file:///usr/share/code/resources/app/out/vs/workbench/workbench.desktop.main.js:6902:15)
    at e.onActiveEditorChanged (file:///usr/share/code/resources/app/out/vs/workbench/workbench.desktop.main.js:6898:1000)
    at file:///usr/share/code/resources/app/out/vs/workbench/workbench.desktop.main.js:6897:850
    at file:///usr/share/code/resources/app/out/vs/workbench/workbench.desktop.main.js:92:219
    at e.fire (file:///usr/share/code/resources/app/out/vs/workbench/workbench.desktop.main.js:95:801)
    at e.doHandleActiveEditorChangeEvent (file:///usr/share/code/resources/app/out/vs/workbench/workbench.desktop.main.js:5908:1011)
    at e.handleActiveEditorChange (file:///usr/share/code/resources/app/out/vs/workbench/workbench.desktop.main.js:5908:809)
    at file:///usr/share/code/resources/app/out/vs/workbench/workbench.desktop.main.js:5909:104
    at e.fire (file:///usr/share/code/resources/app/out/vs/workbench/workbench.desktop.main.js:95:801)
    at file:///usr/share/code/resources/app/out/vs/workbench/workbench.desktop.main.js:6120:679
    at async e.openEditor (file:///usr/share/code/resources/app/out/vs/workbench/workbench.desktop.main.js:6119:589)
[2020-05-20 21:26:05.063] [renderer1] [error] TreeError [MarkersView] Tree element not found: [object Object]: Error: TreeError [MarkersView] Tree element not found: [object Object]
    at t.ObjectTreeModel.getElementLocation (file:///usr/share/code/resources/app/out/vs/workbench/workbench.desktop.main.js:114:373)
    at t.ObjectTreeModel.isCollapsed (file:///usr/share/code/resources/app/out/vs/workbench/workbench.desktop.main.js:113:502)
    at e.isCollapsed (file:///usr/share/code/resources/app/out/vs/workbench/workbench.desktop.main.js:1088:430)
    at e.autoReveal (file:///usr/share/code/resources/app/out/vs/workbench/workbench.desktop.main.js:6902:15)
    at e.onActiveEditorChanged (file:///usr/share/code/resources/app/out/vs/workbench/workbench.desktop.main.js:6898:1000)
    at file:///usr/share/code/resources/app/out/vs/workbench/workbench.desktop.main.js:6897:850
    at file:///usr/share/code/resources/app/out/vs/workbench/workbench.desktop.main.js:92:219
    at e.fire (file:///usr/share/code/resources/app/out/vs/workbench/workbench.desktop.main.js:95:801)
    at e.doHandleActiveEditorChangeEvent (file:///usr/share/code/resources/app/out/vs/workbench/workbench.desktop.main.js:5908:1011)
    at e.handleActiveEditorChange (file:///usr/share/code/resources/app/out/vs/workbench/workbench.desktop.main.js:5908:809)
    at file:///usr/share/code/resources/app/out/vs/workbench/workbench.desktop.main.js:5909:104
    at e.fire (file:///usr/share/code/resources/app/out/vs/workbench/workbench.desktop.main.js:95:801)
    at file:///usr/share/code/resources/app/out/vs/workbench/workbench.desktop.main.js:6120:679
    at async e.openEditor (file:///usr/share/code/resources/app/out/vs/workbench/workbench.desktop.main.js:6119:589)
[2020-05-20 21:26:08.896] [renderer1] [error] TreeError [MarkersView] Tree element not found: [object Object]: Error: TreeError [MarkersView] Tree element not found: [object Object]
    at t.ObjectTreeModel.getElementLocation (file:///usr/share/code/resources/app/out/vs/workbench/workbench.desktop.main.js:114:373)
    at t.ObjectTreeModel.isCollapsed (file:///usr/share/code/resources/app/out/vs/workbench/workbench.desktop.main.js:113:502)
    at e.isCollapsed (file:///usr/share/code/resources/app/out/vs/workbench/workbench.desktop.main.js:1088:430)
    at e.autoReveal (file:///usr/share/code/resources/app/out/vs/workbench/workbench.desktop.main.js:6902:15)
    at e.onActiveEditorChanged (file:///usr/share/code/resources/app/out/vs/workbench/workbench.desktop.main.js:6898:1000)
    at file:///usr/share/code/resources/app/out/vs/workbench/workbench.desktop.main.js:6897:850
    at file:///usr/share/code/resources/app/out/vs/workbench/workbench.desktop.main.js:92:219
    at e.fire (file:///usr/share/code/resources/app/out/vs/workbench/workbench.desktop.main.js:95:801)
    at e.doHandleActiveEditorChangeEvent (file:///usr/share/code/resources/app/out/vs/workbench/workbench.desktop.main.js:5908:1011)
    at e.handleActiveEditorChange (file:///usr/share/code/resources/app/out/vs/workbench/workbench.desktop.main.js:5908:809)
    at file:///usr/share/code/resources/app/out/vs/workbench/workbench.desktop.main.js:5909:104
    at e.fire (file:///usr/share/code/resources/app/out/vs/workbench/workbench.desktop.main.js:95:801)
    at file:///usr/share/code/resources/app/out/vs/workbench/workbench.desktop.main.js:6120:679
    at async e.openEditor (file:///usr/share/code/resources/app/out/vs/workbench/workbench.desktop.main.js:6119:589)
[2020-05-20 21:26:11.100] [renderer1] [error] TreeError [MarkersView] Tree element not found: [object Object]: Error: TreeError [MarkersView] Tree element not found: [object Object]
    at t.ObjectTreeModel.getElementLocation (file:///usr/share/code/resources/app/out/vs/workbench/workbench.desktop.main.js:114:373)
    at t.ObjectTreeModel.isCollapsed (file:///usr/share/code/resources/app/out/vs/workbench/workbench.desktop.main.js:113:502)
    at e.isCollapsed (file:///usr/share/code/resources/app/out/vs/workbench/workbench.desktop.main.js:1088:430)
    at e.autoReveal (file:///usr/share/code/resources/app/out/vs/workbench/workbench.desktop.main.js:6902:15)
    at e.onActiveEditorChanged (file:///usr/share/code/resources/app/out/vs/workbench/workbench.desktop.main.js:6898:1000)
    at file:///usr/share/code/resources/app/out/vs/workbench/workbench.desktop.main.js:6897:850
    at file:///usr/share/code/resources/app/out/vs/workbench/workbench.desktop.main.js:92:219
    at e.fire (file:///usr/share/code/resources/app/out/vs/workbench/workbench.desktop.main.js:95:801)
    at e.doHandleActiveEditorChangeEvent (file:///usr/share/code/resources/app/out/vs/workbench/workbench.desktop.main.js:5908:1011)
    at e.handleActiveEditorChange (file:///usr/share/code/resources/app/out/vs/workbench/workbench.desktop.main.js:5908:809)
    at file:///usr/share/code/resources/app/out/vs/workbench/workbench.desktop.main.js:5909:104
    at e.fire (file:///usr/share/code/resources/app/out/vs/workbench/workbench.desktop.main.js:95:801)
    at file:///usr/share/code/resources/app/out/vs/workbench/workbench.desktop.main.js:6120:679
    at async e.openEditor (file:///usr/share/code/resources/app/out/vs/workbench/workbench.desktop.main.js:6119:589)
[2020-05-20 21:27:10.136] [renderer1] [error] TreeError [MarkersView] Tree element not found: [object Object]: Error: TreeError [MarkersView] Tree element not found: [object Object]
    at t.ObjectTreeModel.getElementLocation (file:///usr/share/code/resources/app/out/vs/workbench/workbench.desktop.main.js:114:373)
    at t.ObjectTreeModel.isCollapsed (file:///usr/share/code/resources/app/out/vs/workbench/workbench.desktop.main.js:113:502)
    at e.isCollapsed (file:///usr/share/code/resources/app/out/vs/workbench/workbench.desktop.main.js:1088:430)
    at e.autoReveal (file:///usr/share/code/resources/app/out/vs/workbench/workbench.desktop.main.js:6902:15)
    at e.onActiveEditorChanged (file:///usr/share/code/resources/app/out/vs/workbench/workbench.desktop.main.js:6898:1000)
    at file:///usr/share/code/resources/app/out/vs/workbench/workbench.desktop.main.js:6897:850
    at file:///usr/share/code/resources/app/out/vs/workbench/workbench.desktop.main.js:92:219
    at e.fire (file:///usr/share/code/resources/app/out/vs/workbench/workbench.desktop.main.js:95:801)
    at e.doHandleActiveEditorChangeEvent (file:///usr/share/code/resources/app/out/vs/workbench/workbench.desktop.main.js:5908:1011)
    at e.handleActiveEditorChange (file:///usr/share/code/resources/app/out/vs/workbench/workbench.desktop.main.js:5908:809)
    at file:///usr/share/code/resources/app/out/vs/workbench/workbench.desktop.main.js:5909:104
    at e.fire (file:///usr/share/code/resources/app/out/vs/workbench/workbench.desktop.main.js:95:801)
    at file:///usr/share/code/resources/app/out/vs/workbench/workbench.desktop.main.js:6120:679
    at async e.openEditor (file:///usr/share/code/resources/app/out/vs/workbench/workbench.desktop.main.js:6119:589)
[2020-05-20 21:30:50.737] [renderer1] [error] TreeError [MarkersView] Tree element not found: [object Object]: Error: TreeError [MarkersView] Tree element not found: [object Object]
    at t.ObjectTreeModel.getElementLocation (file:///usr/share/code/resources/app/out/vs/workbench/workbench.desktop.main.js:114:373)
    at t.ObjectTreeModel.isCollapsed (file:///usr/share/code/resources/app/out/vs/workbench/workbench.desktop.main.js:113:502)
    at e.isCollapsed (file:///usr/share/code/resources/app/out/vs/workbench/workbench.desktop.main.js:1088:430)
    at e.autoReveal (file:///usr/share/code/resources/app/out/vs/workbench/workbench.desktop.main.js:6902:15)
    at e.onActiveEditorChanged (file:///usr/share/code/resources/app/out/vs/workbench/workbench.desktop.main.js:6898:1000)
    at file:///usr/share/code/resources/app/out/vs/workbench/workbench.desktop.main.js:6897:850
    at file:///usr/share/code/resources/app/out/vs/workbench/workbench.desktop.main.js:92:219
    at e.fire (file:///usr/share/code/resources/app/out/vs/workbench/workbench.desktop.main.js:95:801)
    at e.doHandleActiveEditorChangeEvent (file:///usr/share/code/resources/app/out/vs/workbench/workbench.desktop.main.js:5908:1011)
    at e.handleActiveEditorChange (file:///usr/share/code/resources/app/out/vs/workbench/workbench.desktop.main.js:5908:809)
    at file:///usr/share/code/resources/app/out/vs/workbench/workbench.desktop.main.js:5909:104
    at e.fire (file:///usr/share/code/resources/app/out/vs/workbench/workbench.desktop.main.js:95:801)
    at file:///usr/share/code/resources/app/out/vs/workbench/workbench.desktop.main.js:6120:679
    at async e.openEditor (file:///usr/share/code/resources/app/out/vs/workbench/workbench.desktop.main.js:6119:589)
[2020-05-20 21:31:08.370] [renderer1] [error] TreeError [MarkersView] Tree element not found: [object Object]: Error: TreeError [MarkersView] Tree element not found: [object Object]
    at t.ObjectTreeModel.getElementLocation (file:///usr/share/code/resources/app/out/vs/workbench/workbench.desktop.main.js:114:373)
    at t.ObjectTreeModel.isCollapsed (file:///usr/share/code/resources/app/out/vs/workbench/workbench.desktop.main.js:113:502)
    at e.isCollapsed (file:///usr/share/code/resources/app/out/vs/workbench/workbench.desktop.main.js:1088:430)
    at e.autoReveal (file:///usr/share/code/resources/app/out/vs/workbench/workbench.desktop.main.js:6902:15)
    at e.onActiveEditorChanged (file:///usr/share/code/resources/app/out/vs/workbench/workbench.desktop.main.js:6898:1000)
    at file:///usr/share/code/resources/app/out/vs/workbench/workbench.desktop.main.js:6897:850
    at file:///usr/share/code/resources/app/out/vs/workbench/workbench.desktop.main.js:92:219
    at e.fire (file:///usr/share/code/resources/app/out/vs/workbench/workbench.desktop.main.js:95:801)
    at e.doHandleActiveEditorChangeEvent (file:///usr/share/code/resources/app/out/vs/workbench/workbench.desktop.main.js:5908:1011)
    at e.handleActiveEditorChange (file:///usr/share/code/resources/app/out/vs/workbench/workbench.desktop.main.js:5908:809)
    at file:///usr/share/code/resources/app/out/vs/workbench/workbench.desktop.main.js:5909:104
    at e.fire (file:///usr/share/code/resources/app/out/vs/workbench/workbench.desktop.main.js:95:801)
    at file:///usr/share/code/resources/app/out/vs/workbench/workbench.desktop.main.js:6120:679
    at async e.openEditor (file:///usr/share/code/resources/app/out/vs/workbench/workbench.desktop.main.js:6119:589)
[2020-05-20 21:31:20.427] [renderer1] [error] <semantic> TypeScript Server Error (3.8.3)
Cannot read property 'flags' of undefined
TypeError: Cannot read property 'flags' of undefined
    at getSpecialPropertyExport (/usr/share/code/resources/app/extensions/node_modules/typescript/lib/tsserver.js:112723:69)
    at getExport (/usr/share/code/resources/app/extensions/node_modules/typescript/lib/tsserver.js:112697:32)
    at Object.getImportOrExportSymbol (/usr/share/code/resources/app/extensions/node_modules/typescript/lib/tsserver.js:112653:53)
    at getImportOrExportReferences (/usr/share/code/resources/app/extensions/node_modules/typescript/lib/tsserver.js:114124:56)
    at getReferencesAtLocation (/usr/share/code/resources/app/extensions/node_modules/typescript/lib/tsserver.js:114054:17)
    at getReferencesInContainer (/usr/share/code/resources/app/extensions/node_modules/typescript/lib/tsserver.js:113998:21)
    at getReferencesInContainerOrFiles (/usr/share/code/resources/app/extensions/node_modules/typescript/lib/tsserver.js:113556:21)
    at getReferencedSymbolsForSymbol (/usr/share/code/resources/app/extensions/node_modules/typescript/lib/tsserver.js:113547:21)
    at Object.getReferencedSymbolsForNode (/usr/share/code/resources/app/extensions/node_modules/typescript/lib/tsserver.js:113346:34)
    at Object.getReferenceEntriesForNode (/usr/share/code/resources/app/extensions/node_modules/typescript/lib/tsserver.js:113065:40)
    at getSemanticDocumentHighlights (/usr/share/code/resources/app/extensions/node_modules/typescript/lib/tsserver.js:111729:57)
    at Object.getDocumentHighlights (/usr/share/code/resources/app/extensions/node_modules/typescript/lib/tsserver.js:111717:20)
    at Proxy.getDocumentHighlights (/usr/share/code/resources/app/extensions/node_modules/typescript/lib/tsserver.js:135456:42)
    at IOSession.Session.getDocumentHighlights (/usr/share/code/resources/app/extensions/node_modules/typescript/lib/tsserver.js:145100:71)
    at Session.handlers.ts.createMapFromTemplate._a.<computed> (/usr/share/code/resources/app/extensions/node_modules/typescript/lib/tsserver.js:144490:61)
    at /usr/share/code/resources/app/extensions/node_modules/typescript/lib/tsserver.js:146003:88
    at IOSession.Session.executeWithRequestId (/usr/share/code/resources/app/extensions/node_modules/typescript/lib/tsserver.js:145994:28)
    at IOSession.Session.executeCommand (/usr/share/code/resources/app/extensions/node_modules/typescript/lib/tsserver.js:146003:33)
    at IOSession.Session.onMessage (/usr/share/code/resources/app/extensions/node_modules/typescript/lib/tsserver.js:146027:35)
    at Interface.<anonymous> (/usr/share/code/resources/app/extensions/node_modules/typescript/lib/tsserver.js:147342:27)
    at Interface.emit (events.js:203:13)
    at Interface._onLine (readline.js:316:10)
    at Interface._normalWrite (readline.js:461:12)
    at Socket.ondata (readline.js:172:10)
    at Socket.emit (events.js:203:13)
    at addChunk (_stream_readable.js:295:12)
    at readableAddChunk (_stream_readable.js:276:11)
    at Socket.Readable.push (_stream_readable.js:210:10)
    at Pipe.onStreamRead (internal/stream_base_commons.js:166:17): Error: <semantic> TypeScript Server Error (3.8.3)
Cannot read property 'flags' of undefined
TypeError: Cannot read property 'flags' of undefined
    at getSpecialPropertyExport (/usr/share/code/resources/app/extensions/node_modules/typescript/lib/tsserver.js:112723:69)
    at getExport (/usr/share/code/resources/app/extensions/node_modules/typescript/lib/tsserver.js:112697:32)
    at Object.getImportOrExportSymbol (/usr/share/code/resources/app/extensions/node_modules/typescript/lib/tsserver.js:112653:53)
    at getImportOrExportReferences (/usr/share/code/resources/app/extensions/node_modules/typescript/lib/tsserver.js:114124:56)
    at getReferencesAtLocation (/usr/share/code/resources/app/extensions/node_modules/typescript/lib/tsserver.js:114054:17)
    at getReferencesInContainer (/usr/share/code/resources/app/extensions/node_modules/typescript/lib/tsserver.js:113998:21)
    at getReferencesInContainerOrFiles (/usr/share/code/resources/app/extensions/node_modules/typescript/lib/tsserver.js:113556:21)
    at getReferencedSymbolsForSymbol (/usr/share/code/resources/app/extensions/node_modules/typescript/lib/tsserver.js:113547:21)
    at Object.getReferencedSymbolsForNode (/usr/share/code/resources/app/extensions/node_modules/typescript/lib/tsserver.js:113346:34)
    at Object.getReferenceEntriesForNode (/usr/share/code/resources/app/extensions/node_modules/typescript/lib/tsserver.js:113065:40)
    at getSemanticDocumentHighlights (/usr/share/code/resources/app/extensions/node_modules/typescript/lib/tsserver.js:111729:57)
    at Object.getDocumentHighlights (/usr/share/code/resources/app/extensions/node_modules/typescript/lib/tsserver.js:111717:20)
    at Proxy.getDocumentHighlights (/usr/share/code/resources/app/extensions/node_modules/typescript/lib/tsserver.js:135456:42)
    at IOSession.Session.getDocumentHighlights (/usr/share/code/resources/app/extensions/node_modules/typescript/lib/tsserver.js:145100:71)
    at Session.handlers.ts.createMapFromTemplate._a.<computed> (/usr/share/code/resources/app/extensions/node_modules/typescript/lib/tsserver.js:144490:61)
    at /usr/share/code/resources/app/extensions/node_modules/typescript/lib/tsserver.js:146003:88
    at IOSession.Session.executeWithRequestId (/usr/share/code/resources/app/extensions/node_modules/typescript/lib/tsserver.js:145994:28)
    at IOSession.Session.executeCommand (/usr/share/code/resources/app/extensions/node_modules/typescript/lib/tsserver.js:146003:33)
    at IOSession.Session.onMessage (/usr/share/code/resources/app/extensions/node_modules/typescript/lib/tsserver.js:146027:35)
    at Interface.<anonymous> (/usr/share/code/resources/app/extensions/node_modules/typescript/lib/tsserver.js:147342:27)
    at Interface.emit (events.js:203:13)
    at Interface._onLine (readline.js:316:10)
    at Interface._normalWrite (readline.js:461:12)
    at Socket.ondata (readline.js:172:10)
    at Socket.emit (events.js:203:13)
    at addChunk (_stream_readable.js:295:12)
    at readableAddChunk (_stream_readable.js:276:11)
    at Socket.Readable.push (_stream_readable.js:210:10)
    at Pipe.onStreamRead (internal/stream_base_commons.js:166:17)
	at Function.create (/usr/share/code/resources/app/extensions/typescript-language-features/dist/extension.js:1:52449)
	at e.dispatchResponse (/usr/share/code/resources/app/extensions/typescript-language-features/dist/extension.js:1:222369)
	at e.dispatchMessage (/usr/share/code/resources/app/extensions/typescript-language-features/dist/extension.js:1:221287)
	at /usr/share/code/resources/app/extensions/typescript-language-features/dist/extension.js:1:220763
	at e.fire (/usr/share/code/resources/app/out/vs/workbench/services/extensions/node/extensionHostProcess.js:46:67)
	at t.Reader.onLengthData (/usr/share/code/resources/app/extensions/typescript-language-features/dist/extension.js:1:229425)
	at Socket.<anonymous> (/usr/share/code/resources/app/extensions/typescript-language-features/dist/extension.js:1:229073)
	at Socket.emit (events.js:203:13)
	at addChunk (_stream_readable.js:295:12)
	at readableAddChunk (_stream_readable.js:276:11)
	at Socket.Readable.push (_stream_readable.js:210:10)
	at Pipe.onStreamRead (internal/stream_base_commons.js:166:17)
[2020-05-20 21:31:34.308] [renderer1] [error] TreeError [MarkersView] Tree element not found: [object Object]: Error: TreeError [MarkersView] Tree element not found: [object Object]
    at t.ObjectTreeModel.getElementLocation (file:///usr/share/code/resources/app/out/vs/workbench/workbench.desktop.main.js:114:373)
    at t.ObjectTreeModel.isCollapsed (file:///usr/share/code/resources/app/out/vs/workbench/workbench.desktop.main.js:113:502)
    at e.isCollapsed (file:///usr/share/code/resources/app/out/vs/workbench/workbench.desktop.main.js:1088:430)
    at e.autoReveal (file:///usr/share/code/resources/app/out/vs/workbench/workbench.desktop.main.js:6902:15)
    at e.onActiveEditorChanged (file:///usr/share/code/resources/app/out/vs/workbench/workbench.desktop.main.js:6898:1000)
    at file:///usr/share/code/resources/app/out/vs/workbench/workbench.desktop.main.js:6897:850
    at file:///usr/share/code/resources/app/out/vs/workbench/workbench.desktop.main.js:92:219
    at e.fire (file:///usr/share/code/resources/app/out/vs/workbench/workbench.desktop.main.js:95:801)
    at e.doHandleActiveEditorChangeEvent (file:///usr/share/code/resources/app/out/vs/workbench/workbench.desktop.main.js:5908:1011)
    at e.handleActiveEditorChange (file:///usr/share/code/resources/app/out/vs/workbench/workbench.desktop.main.js:5908:809)
    at file:///usr/share/code/resources/app/out/vs/workbench/workbench.desktop.main.js:5909:104
    at e.fire (file:///usr/share/code/resources/app/out/vs/workbench/workbench.desktop.main.js:95:801)
    at file:///usr/share/code/resources/app/out/vs/workbench/workbench.desktop.main.js:6120:679
    at async e.openEditor (file:///usr/share/code/resources/app/out/vs/workbench/workbench.desktop.main.js:6119:589)
[2020-05-20 21:31:50.936] [renderer1] [error] TreeError [MarkersView] Tree element not found: [object Object]: Error: TreeError [MarkersView] Tree element not found: [object Object]
    at t.ObjectTreeModel.getElementLocation (file:///usr/share/code/resources/app/out/vs/workbench/workbench.desktop.main.js:114:373)
    at t.ObjectTreeModel.isCollapsed (file:///usr/share/code/resources/app/out/vs/workbench/workbench.desktop.main.js:113:502)
    at e.isCollapsed (file:///usr/share/code/resources/app/out/vs/workbench/workbench.desktop.main.js:1088:430)
    at e.autoReveal (file:///usr/share/code/resources/app/out/vs/workbench/workbench.desktop.main.js:6902:15)
    at e.onActiveEditorChanged (file:///usr/share/code/resources/app/out/vs/workbench/workbench.desktop.main.js:6898:1000)
    at file:///usr/share/code/resources/app/out/vs/workbench/workbench.desktop.main.js:6897:850
    at file:///usr/share/code/resources/app/out/vs/workbench/workbench.desktop.main.js:92:219
    at e.fire (file:///usr/share/code/resources/app/out/vs/workbench/workbench.desktop.main.js:95:801)
    at e.doHandleActiveEditorChangeEvent (file:///usr/share/code/resources/app/out/vs/workbench/workbench.desktop.main.js:5908:1011)
    at e.handleActiveEditorChange (file:///usr/share/code/resources/app/out/vs/workbench/workbench.desktop.main.js:5908:809)
    at file:///usr/share/code/resources/app/out/vs/workbench/workbench.desktop.main.js:5909:104
    at e.fire (file:///usr/share/code/resources/app/out/vs/workbench/workbench.desktop.main.js:95:801)
    at file:///usr/share/code/resources/app/out/vs/workbench/workbench.desktop.main.js:6120:679
    at async e.openEditor (file:///usr/share/code/resources/app/out/vs/workbench/workbench.desktop.main.js:6119:589)
[2020-05-20 21:31:54.572] [renderer1] [error] TreeError [MarkersView] Tree element not found: [object Object]: Error: TreeError [MarkersView] Tree element not found: [object Object]
    at t.ObjectTreeModel.getElementLocation (file:///usr/share/code/resources/app/out/vs/workbench/workbench.desktop.main.js:114:373)
    at t.ObjectTreeModel.isCollapsed (file:///usr/share/code/resources/app/out/vs/workbench/workbench.desktop.main.js:113:502)
    at e.isCollapsed (file:///usr/share/code/resources/app/out/vs/workbench/workbench.desktop.main.js:1088:430)
    at e.autoReveal (file:///usr/share/code/resources/app/out/vs/workbench/workbench.desktop.main.js:6902:15)
    at e.onActiveEditorChanged (file:///usr/share/code/resources/app/out/vs/workbench/workbench.desktop.main.js:6898:1000)
    at file:///usr/share/code/resources/app/out/vs/workbench/workbench.desktop.main.js:6897:850
    at file:///usr/share/code/resources/app/out/vs/workbench/workbench.desktop.main.js:92:219
    at e.fire (file:///usr/share/code/resources/app/out/vs/workbench/workbench.desktop.main.js:95:801)
    at e.doHandleActiveEditorChangeEvent (file:///usr/share/code/resources/app/out/vs/workbench/workbench.desktop.main.js:5908:1011)
    at e.handleActiveEditorChange (file:///usr/share/code/resources/app/out/vs/workbench/workbench.desktop.main.js:5908:809)
    at file:///usr/share/code/resources/app/out/vs/workbench/workbench.desktop.main.js:5909:104
    at e.fire (file:///usr/share/code/resources/app/out/vs/workbench/workbench.desktop.main.js:95:801)
    at file:///usr/share/code/resources/app/out/vs/workbench/workbench.desktop.main.js:6120:679
    at async e.openEditor (file:///usr/share/code/resources/app/out/vs/workbench/workbench.desktop.main.js:6119:589)
[2020-05-20 21:32:01.500] [renderer1] [error] TreeError [MarkersView] Tree element not found: [object Object]: Error: TreeError [MarkersView] Tree element not found: [object Object]
    at t.ObjectTreeModel.getElementLocation (file:///usr/share/code/resources/app/out/vs/workbench/workbench.desktop.main.js:114:373)
    at t.ObjectTreeModel.isCollapsed (file:///usr/share/code/resources/app/out/vs/workbench/workbench.desktop.main.js:113:502)
    at e.isCollapsed (file:///usr/share/code/resources/app/out/vs/workbench/workbench.desktop.main.js:1088:430)
    at e.autoReveal (file:///usr/share/code/resources/app/out/vs/workbench/workbench.desktop.main.js:6902:15)
    at e.onActiveEditorChanged (file:///usr/share/code/resources/app/out/vs/workbench/workbench.desktop.main.js:6898:1000)
    at file:///usr/share/code/resources/app/out/vs/workbench/workbench.desktop.main.js:6897:850
    at file:///usr/share/code/resources/app/out/vs/workbench/workbench.desktop.main.js:92:219
    at e.fire (file:///usr/share/code/resources/app/out/vs/workbench/workbench.desktop.main.js:95:801)
    at e.doHandleActiveEditorChangeEvent (file:///usr/share/code/resources/app/out/vs/workbench/workbench.desktop.main.js:5908:1011)
    at e.handleActiveEditorChange (file:///usr/share/code/resources/app/out/vs/workbench/workbench.desktop.main.js:5908:809)
    at file:///usr/share/code/resources/app/out/vs/workbench/workbench.desktop.main.js:5909:104
    at e.fire (file:///usr/share/code/resources/app/out/vs/workbench/workbench.desktop.main.js:95:801)
    at file:///usr/share/code/resources/app/out/vs/workbench/workbench.desktop.main.js:6120:679
    at async e.openEditor (file:///usr/share/code/resources/app/out/vs/workbench/workbench.desktop.main.js:6119:589)
[2020-05-20 21:32:40.366] [renderer1] [error] TreeError [MarkersView] Tree element not found: [object Object]: Error: TreeError [MarkersView] Tree element not found: [object Object]
    at t.ObjectTreeModel.getElementLocation (file:///usr/share/code/resources/app/out/vs/workbench/workbench.desktop.main.js:114:373)
    at t.ObjectTreeModel.isCollapsed (file:///usr/share/code/resources/app/out/vs/workbench/workbench.desktop.main.js:113:502)
    at e.isCollapsed (file:///usr/share/code/resources/app/out/vs/workbench/workbench.desktop.main.js:1088:430)
    at e.autoReveal (file:///usr/share/code/resources/app/out/vs/workbench/workbench.desktop.main.js:6902:15)
    at e.onActiveEditorChanged (file:///usr/share/code/resources/app/out/vs/workbench/workbench.desktop.main.js:6898:1000)
    at file:///usr/share/code/resources/app/out/vs/workbench/workbench.desktop.main.js:6897:850
    at file:///usr/share/code/resources/app/out/vs/workbench/workbench.desktop.main.js:92:219
    at e.fire (file:///usr/share/code/resources/app/out/vs/workbench/workbench.desktop.main.js:95:801)
    at e.doHandleActiveEditorChangeEvent (file:///usr/share/code/resources/app/out/vs/workbench/workbench.desktop.main.js:5908:1011)
    at e.handleActiveEditorChange (file:///usr/share/code/resources/app/out/vs/workbench/workbench.desktop.main.js:5908:809)
    at file:///usr/share/code/resources/app/out/vs/workbench/workbench.desktop.main.js:5909:104
    at e.fire (file:///usr/share/code/resources/app/out/vs/workbench/workbench.desktop.main.js:95:801)
    at file:///usr/share/code/resources/app/out/vs/workbench/workbench.desktop.main.js:6120:679
    at async e.openEditor (file:///usr/share/code/resources/app/out/vs/workbench/workbench.desktop.main.js:6119:589)
[2020-05-20 21:34:43.951] [renderer1] [error] TreeError [MarkersView] Tree element not found: [object Object]: Error: TreeError [MarkersView] Tree element not found: [object Object]
    at t.ObjectTreeModel.getElementLocation (file:///usr/share/code/resources/app/out/vs/workbench/workbench.desktop.main.js:114:373)
    at t.ObjectTreeModel.isCollapsed (file:///usr/share/code/resources/app/out/vs/workbench/workbench.desktop.main.js:113:502)
    at e.isCollapsed (file:///usr/share/code/resources/app/out/vs/workbench/workbench.desktop.main.js:1088:430)
    at e.autoReveal (file:///usr/share/code/resources/app/out/vs/workbench/workbench.desktop.main.js:6902:15)
    at e.onActiveEditorChanged (file:///usr/share/code/resources/app/out/vs/workbench/workbench.desktop.main.js:6898:1000)
    at file:///usr/share/code/resources/app/out/vs/workbench/workbench.desktop.main.js:6897:850
    at file:///usr/share/code/resources/app/out/vs/workbench/workbench.desktop.main.js:92:219
    at e.fire (file:///usr/share/code/resources/app/out/vs/workbench/workbench.desktop.main.js:95:801)
    at e.doHandleActiveEditorChangeEvent (file:///usr/share/code/resources/app/out/vs/workbench/workbench.desktop.main.js:5908:1011)
    at e.handleActiveEditorChange (file:///usr/share/code/resources/app/out/vs/workbench/workbench.desktop.main.js:5908:809)
    at file:///usr/share/code/resources/app/out/vs/workbench/workbench.desktop.main.js:5909:104
    at e.fire (file:///usr/share/code/resources/app/out/vs/workbench/workbench.desktop.main.js:95:801)
    at file:///usr/share/code/resources/app/out/vs/workbench/workbench.desktop.main.js:6120:679
    at async e.openEditor (file:///usr/share/code/resources/app/out/vs/workbench/workbench.desktop.main.js:6119:589)
[2020-05-20 21:35:54.998] [renderer1] [error] TreeError [MarkersView] Tree element not found: [object Object]: Error: TreeError [MarkersView] Tree element not found: [object Object]
    at t.ObjectTreeModel.getElementLocation (file:///usr/share/code/resources/app/out/vs/workbench/workbench.desktop.main.js:114:373)
    at t.ObjectTreeModel.isCollapsed (file:///usr/share/code/resources/app/out/vs/workbench/workbench.desktop.main.js:113:502)
    at e.isCollapsed (file:///usr/share/code/resources/app/out/vs/workbench/workbench.desktop.main.js:1088:430)
    at e.autoReveal (file:///usr/share/code/resources/app/out/vs/workbench/workbench.desktop.main.js:6902:15)
    at e.onActiveEditorChanged (file:///usr/share/code/resources/app/out/vs/workbench/workbench.desktop.main.js:6898:1000)
    at file:///usr/share/code/resources/app/out/vs/workbench/workbench.desktop.main.js:6897:850
    at file:///usr/share/code/resources/app/out/vs/workbench/workbench.desktop.main.js:92:219
    at e.fire (file:///usr/share/code/resources/app/out/vs/workbench/workbench.desktop.main.js:95:801)
    at e.doHandleActiveEditorChangeEvent (file:///usr/share/code/resources/app/out/vs/workbench/workbench.desktop.main.js:5908:1011)
    at e.handleActiveEditorChange (file:///usr/share/code/resources/app/out/vs/workbench/workbench.desktop.main.js:5908:809)
    at file:///usr/share/code/resources/app/out/vs/workbench/workbench.desktop.main.js:5909:104
    at e.fire (file:///usr/share/code/resources/app/out/vs/workbench/workbench.desktop.main.js:95:801)
    at file:///usr/share/code/resources/app/out/vs/workbench/workbench.desktop.main.js:6120:679
    at async e.openEditor (file:///usr/share/code/resources/app/out/vs/workbench/workbench.desktop.main.js:6119:589)
    at async e.openEditor (file:///usr/share/code/resources/app/out/vs/workbench/workbench.desktop.main.js:5914:181)
[2020-05-20 21:35:58.256] [renderer1] [error] TreeError [MarkersView] Tree element not found: [object Object]: Error: TreeError [MarkersView] Tree element not found: [object Object]
    at t.ObjectTreeModel.getElementLocation (file:///usr/share/code/resources/app/out/vs/workbench/workbench.desktop.main.js:114:373)
    at t.ObjectTreeModel.isCollapsed (file:///usr/share/code/resources/app/out/vs/workbench/workbench.desktop.main.js:113:502)
    at e.isCollapsed (file:///usr/share/code/resources/app/out/vs/workbench/workbench.desktop.main.js:1088:430)
    at e.autoReveal (file:///usr/share/code/resources/app/out/vs/workbench/workbench.desktop.main.js:6902:15)
    at e.onActiveEditorChanged (file:///usr/share/code/resources/app/out/vs/workbench/workbench.desktop.main.js:6898:1000)
    at file:///usr/share/code/resources/app/out/vs/workbench/workbench.desktop.main.js:6897:850
    at file:///usr/share/code/resources/app/out/vs/workbench/workbench.desktop.main.js:92:219
    at e.fire (file:///usr/share/code/resources/app/out/vs/workbench/workbench.desktop.main.js:95:801)
    at e.doHandleActiveEditorChangeEvent (file:///usr/share/code/resources/app/out/vs/workbench/workbench.desktop.main.js:5908:1011)
    at e.handleActiveEditorChange (file:///usr/share/code/resources/app/out/vs/workbench/workbench.desktop.main.js:5908:809)
    at file:///usr/share/code/resources/app/out/vs/workbench/workbench.desktop.main.js:5909:104
    at e.fire (file:///usr/share/code/resources/app/out/vs/workbench/workbench.desktop.main.js:95:801)
    at file:///usr/share/code/resources/app/out/vs/workbench/workbench.desktop.main.js:6120:679
    at async e.openEditor (file:///usr/share/code/resources/app/out/vs/workbench/workbench.desktop.main.js:6119:589)
    at async e.openEditor (file:///usr/share/code/resources/app/out/vs/workbench/workbench.desktop.main.js:5914:181)
[2020-05-20 21:39:21.934] [renderer1] [error] TreeError [MarkersView] Tree element not found: [object Object]: Error: TreeError [MarkersView] Tree element not found: [object Object]
    at t.ObjectTreeModel.getElementLocation (file:///usr/share/code/resources/app/out/vs/workbench/workbench.desktop.main.js:114:373)
    at t.ObjectTreeModel.isCollapsed (file:///usr/share/code/resources/app/out/vs/workbench/workbench.desktop.main.js:113:502)
    at e.isCollapsed (file:///usr/share/code/resources/app/out/vs/workbench/workbench.desktop.main.js:1088:430)
    at e.autoReveal (file:///usr/share/code/resources/app/out/vs/workbench/workbench.desktop.main.js:6902:15)
    at e.onActiveEditorChanged (file:///usr/share/code/resources/app/out/vs/workbench/workbench.desktop.main.js:6898:1000)
    at file:///usr/share/code/resources/app/out/vs/workbench/workbench.desktop.main.js:6897:850
    at file:///usr/share/code/resources/app/out/vs/workbench/workbench.desktop.main.js:92:219
    at e.fire (file:///usr/share/code/resources/app/out/vs/workbench/workbench.desktop.main.js:95:801)
    at e.doHandleActiveEditorChangeEvent (file:///usr/share/code/resources/app/out/vs/workbench/workbench.desktop.main.js:5908:1011)
    at e.handleActiveEditorChange (file:///usr/share/code/resources/app/out/vs/workbench/workbench.desktop.main.js:5908:809)
    at file:///usr/share/code/resources/app/out/vs/workbench/workbench.desktop.main.js:5909:104
    at e.fire (file:///usr/share/code/resources/app/out/vs/workbench/workbench.desktop.main.js:95:801)
    at file:///usr/share/code/resources/app/out/vs/workbench/workbench.desktop.main.js:6120:679
    at async e.openEditor (file:///usr/share/code/resources/app/out/vs/workbench/workbench.desktop.main.js:6119:589)
[2020-05-20 21:58:37.316] [renderer1] [error] TreeError [MarkersView] Tree element not found: [object Object]: Error: TreeError [MarkersView] Tree element not found: [object Object]
    at t.ObjectTreeModel.getElementLocation (file:///usr/share/code/resources/app/out/vs/workbench/workbench.desktop.main.js:114:373)
    at t.ObjectTreeModel.isCollapsed (file:///usr/share/code/resources/app/out/vs/workbench/workbench.desktop.main.js:113:502)
    at e.isCollapsed (file:///usr/share/code/resources/app/out/vs/workbench/workbench.desktop.main.js:1088:430)
    at e.autoReveal (file:///usr/share/code/resources/app/out/vs/workbench/workbench.desktop.main.js:6902:15)
    at e.onActiveEditorChanged (file:///usr/share/code/resources/app/out/vs/workbench/workbench.desktop.main.js:6898:1000)
    at file:///usr/share/code/resources/app/out/vs/workbench/workbench.desktop.main.js:6897:850
    at file:///usr/share/code/resources/app/out/vs/workbench/workbench.desktop.main.js:92:219
    at e.fire (file:///usr/share/code/resources/app/out/vs/workbench/workbench.desktop.main.js:95:801)
    at e.doHandleActiveEditorChangeEvent (file:///usr/share/code/resources/app/out/vs/workbench/workbench.desktop.main.js:5908:1011)
    at e.handleActiveEditorChange (file:///usr/share/code/resources/app/out/vs/workbench/workbench.desktop.main.js:5908:809)
    at file:///usr/share/code/resources/app/out/vs/workbench/workbench.desktop.main.js:5909:104
    at e.fire (file:///usr/share/code/resources/app/out/vs/workbench/workbench.desktop.main.js:95:801)
    at file:///usr/share/code/resources/app/out/vs/workbench/workbench.desktop.main.js:6120:679
    at async e.openEditor (file:///usr/share/code/resources/app/out/vs/workbench/workbench.desktop.main.js:6119:589)
[2020-05-20 22:00:02.680] [renderer1] [error] TreeError [MarkersView] Tree element not found: [object Object]: Error: TreeError [MarkersView] Tree element not found: [object Object]
    at t.ObjectTreeModel.getElementLocation (file:///usr/share/code/resources/app/out/vs/workbench/workbench.desktop.main.js:114:373)
    at t.ObjectTreeModel.isCollapsed (file:///usr/share/code/resources/app/out/vs/workbench/workbench.desktop.main.js:113:502)
    at e.isCollapsed (file:///usr/share/code/resources/app/out/vs/workbench/workbench.desktop.main.js:1088:430)
    at e.autoReveal (file:///usr/share/code/resources/app/out/vs/workbench/workbench.desktop.main.js:6902:15)
    at e.onActiveEditorChanged (file:///usr/share/code/resources/app/out/vs/workbench/workbench.desktop.main.js:6898:1000)
    at file:///usr/share/code/resources/app/out/vs/workbench/workbench.desktop.main.js:6897:850
    at file:///usr/share/code/resources/app/out/vs/workbench/workbench.desktop.main.js:92:219
    at e.fire (file:///usr/share/code/resources/app/out/vs/workbench/workbench.desktop.main.js:95:801)
    at e.doHandleActiveEditorChangeEvent (file:///usr/share/code/resources/app/out/vs/workbench/workbench.desktop.main.js:5908:1011)
    at e.handleActiveEditorChange (file:///usr/share/code/resources/app/out/vs/workbench/workbench.desktop.main.js:5908:809)
    at file:///usr/share/code/resources/app/out/vs/workbench/workbench.desktop.main.js:5909:104
    at e.fire (file:///usr/share/code/resources/app/out/vs/workbench/workbench.desktop.main.js:95:801)
    at file:///usr/share/code/resources/app/out/vs/workbench/workbench.desktop.main.js:6120:679
    at async e.openEditor (file:///usr/share/code/resources/app/out/vs/workbench/workbench.desktop.main.js:6119:589)
    at async e.editorOpenHandler (file:///usr/share/code/resources/app/out/vs/workbench/workbench.desktop.main.js:6858:403)
    at async e.openEditor (file:///usr/share/code/resources/app/out/vs/workbench/workbench.desktop.main.js:5922:233)
    at async file:///usr/share/code/resources/app/out/vs/workbench/workbench.desktop.main.js:6832:974
[2020-05-20 22:07:40.552] [renderer1] [error] TreeError [MarkersView] Tree element not found: [object Object]: Error: TreeError [MarkersView] Tree element not found: [object Object]
    at t.ObjectTreeModel.getElementLocation (file:///usr/share/code/resources/app/out/vs/workbench/workbench.desktop.main.js:114:373)
    at t.ObjectTreeModel.isCollapsed (file:///usr/share/code/resources/app/out/vs/workbench/workbench.desktop.main.js:113:502)
    at e.isCollapsed (file:///usr/share/code/resources/app/out/vs/workbench/workbench.desktop.main.js:1088:430)
    at e.autoReveal (file:///usr/share/code/resources/app/out/vs/workbench/workbench.desktop.main.js:6902:15)
    at e.onActiveEditorChanged (file:///usr/share/code/resources/app/out/vs/workbench/workbench.desktop.main.js:6898:1000)
    at file:///usr/share/code/resources/app/out/vs/workbench/workbench.desktop.main.js:6897:850
    at file:///usr/share/code/resources/app/out/vs/workbench/workbench.desktop.main.js:92:219
    at e.fire (file:///usr/share/code/resources/app/out/vs/workbench/workbench.desktop.main.js:95:801)
    at e.doHandleActiveEditorChangeEvent (file:///usr/share/code/resources/app/out/vs/workbench/workbench.desktop.main.js:5908:1011)
    at e.handleActiveEditorChange (file:///usr/share/code/resources/app/out/vs/workbench/workbench.desktop.main.js:5908:809)
    at file:///usr/share/code/resources/app/out/vs/workbench/workbench.desktop.main.js:5909:104
    at e.fire (file:///usr/share/code/resources/app/out/vs/workbench/workbench.desktop.main.js:95:801)
    at file:///usr/share/code/resources/app/out/vs/workbench/workbench.desktop.main.js:6120:679
    at async e.openEditor (file:///usr/share/code/resources/app/out/vs/workbench/workbench.desktop.main.js:6119:589)
[2020-05-20 22:07:45.823] [renderer1] [error] TreeError [MarkersView] Tree element not found: [object Object]: Error: TreeError [MarkersView] Tree element not found: [object Object]
    at t.ObjectTreeModel.getElementLocation (file:///usr/share/code/resources/app/out/vs/workbench/workbench.desktop.main.js:114:373)
    at t.ObjectTreeModel.isCollapsed (file:///usr/share/code/resources/app/out/vs/workbench/workbench.desktop.main.js:113:502)
    at e.isCollapsed (file:///usr/share/code/resources/app/out/vs/workbench/workbench.desktop.main.js:1088:430)
    at e.autoReveal (file:///usr/share/code/resources/app/out/vs/workbench/workbench.desktop.main.js:6902:15)
    at e.onActiveEditorChanged (file:///usr/share/code/resources/app/out/vs/workbench/workbench.desktop.main.js:6898:1000)
    at file:///usr/share/code/resources/app/out/vs/workbench/workbench.desktop.main.js:6897:850
    at file:///usr/share/code/resources/app/out/vs/workbench/workbench.desktop.main.js:92:219
    at e.fire (file:///usr/share/code/resources/app/out/vs/workbench/workbench.desktop.main.js:95:801)
    at e.doHandleActiveEditorChangeEvent (file:///usr/share/code/resources/app/out/vs/workbench/workbench.desktop.main.js:5908:1011)
    at e.handleActiveEditorChange (file:///usr/share/code/resources/app/out/vs/workbench/workbench.desktop.main.js:5908:809)
    at file:///usr/share/code/resources/app/out/vs/workbench/workbench.desktop.main.js:5909:104
    at e.fire (file:///usr/share/code/resources/app/out/vs/workbench/workbench.desktop.main.js:95:801)
    at file:///usr/share/code/resources/app/out/vs/workbench/workbench.desktop.main.js:6120:679
    at async e.openEditor (file:///usr/share/code/resources/app/out/vs/workbench/workbench.desktop.main.js:6119:589)
[2020-05-20 22:07:53.833] [renderer1] [error] TreeError [MarkersView] Tree element not found: [object Object]: Error: TreeError [MarkersView] Tree element not found: [object Object]
    at t.ObjectTreeModel.getElementLocation (file:///usr/share/code/resources/app/out/vs/workbench/workbench.desktop.main.js:114:373)
    at t.ObjectTreeModel.isCollapsed (file:///usr/share/code/resources/app/out/vs/workbench/workbench.desktop.main.js:113:502)
    at e.isCollapsed (file:///usr/share/code/resources/app/out/vs/workbench/workbench.desktop.main.js:1088:430)
    at e.autoReveal (file:///usr/share/code/resources/app/out/vs/workbench/workbench.desktop.main.js:6902:15)
    at e.onActiveEditorChanged (file:///usr/share/code/resources/app/out/vs/workbench/workbench.desktop.main.js:6898:1000)
    at file:///usr/share/code/resources/app/out/vs/workbench/workbench.desktop.main.js:6897:850
    at file:///usr/share/code/resources/app/out/vs/workbench/workbench.desktop.main.js:92:219
    at e.fire (file:///usr/share/code/resources/app/out/vs/workbench/workbench.desktop.main.js:95:801)
    at e.doHandleActiveEditorChangeEvent (file:///usr/share/code/resources/app/out/vs/workbench/workbench.desktop.main.js:5908:1011)
    at e.handleActiveEditorChange (file:///usr/share/code/resources/app/out/vs/workbench/workbench.desktop.main.js:5908:809)
    at file:///usr/share/code/resources/app/out/vs/workbench/workbench.desktop.main.js:5909:104
    at e.fire (file:///usr/share/code/resources/app/out/vs/workbench/workbench.desktop.main.js:95:801)
    at file:///usr/share/code/resources/app/out/vs/workbench/workbench.desktop.main.js:6120:679
    at async e.openEditor (file:///usr/share/code/resources/app/out/vs/workbench/workbench.desktop.main.js:6119:589)
[2020-05-20 22:12:04.685] [renderer1] [error] TreeError [MarkersView] Tree element not found: [object Object]: Error: TreeError [MarkersView] Tree element not found: [object Object]
    at t.ObjectTreeModel.getElementLocation (file:///usr/share/code/resources/app/out/vs/workbench/workbench.desktop.main.js:114:373)
    at t.ObjectTreeModel.isCollapsed (file:///usr/share/code/resources/app/out/vs/workbench/workbench.desktop.main.js:113:502)
    at e.isCollapsed (file:///usr/share/code/resources/app/out/vs/workbench/workbench.desktop.main.js:1088:430)
    at e.autoReveal (file:///usr/share/code/resources/app/out/vs/workbench/workbench.desktop.main.js:6902:15)
    at e.onActiveEditorChanged (file:///usr/share/code/resources/app/out/vs/workbench/workbench.desktop.main.js:6898:1000)
    at file:///usr/share/code/resources/app/out/vs/workbench/workbench.desktop.main.js:6897:850
    at file:///usr/share/code/resources/app/out/vs/workbench/workbench.desktop.main.js:92:219
    at e.fire (file:///usr/share/code/resources/app/out/vs/workbench/workbench.desktop.main.js:95:801)
    at e.doHandleActiveEditorChangeEvent (file:///usr/share/code/resources/app/out/vs/workbench/workbench.desktop.main.js:5908:1011)
    at e.handleActiveEditorChange (file:///usr/share/code/resources/app/out/vs/workbench/workbench.desktop.main.js:5908:809)
    at file:///usr/share/code/resources/app/out/vs/workbench/workbench.desktop.main.js:5909:104
    at e.fire (file:///usr/share/code/resources/app/out/vs/workbench/workbench.desktop.main.js:95:801)
    at file:///usr/share/code/resources/app/out/vs/workbench/workbench.desktop.main.js:6120:679
    at async e.openEditor (file:///usr/share/code/resources/app/out/vs/workbench/workbench.desktop.main.js:6119:589)
[2020-05-20 22:12:44.386] [renderer1] [error] TreeError [MarkersView] Tree element not found: [object Object]: Error: TreeError [MarkersView] Tree element not found: [object Object]
    at t.ObjectTreeModel.getElementLocation (file:///usr/share/code/resources/app/out/vs/workbench/workbench.desktop.main.js:114:373)
    at t.ObjectTreeModel.isCollapsed (file:///usr/share/code/resources/app/out/vs/workbench/workbench.desktop.main.js:113:502)
    at e.isCollapsed (file:///usr/share/code/resources/app/out/vs/workbench/workbench.desktop.main.js:1088:430)
    at e.autoReveal (file:///usr/share/code/resources/app/out/vs/workbench/workbench.desktop.main.js:6902:15)
    at e.onActiveEditorChanged (file:///usr/share/code/resources/app/out/vs/workbench/workbench.desktop.main.js:6898:1000)
    at file:///usr/share/code/resources/app/out/vs/workbench/workbench.desktop.main.js:6897:850
    at file:///usr/share/code/resources/app/out/vs/workbench/workbench.desktop.main.js:92:219
    at e.fire (file:///usr/share/code/resources/app/out/vs/workbench/workbench.desktop.main.js:95:801)
    at e.doHandleActiveEditorChangeEvent (file:///usr/share/code/resources/app/out/vs/workbench/workbench.desktop.main.js:5908:1011)
    at e.handleActiveEditorChange (file:///usr/share/code/resources/app/out/vs/workbench/workbench.desktop.main.js:5908:809)
    at file:///usr/share/code/resources/app/out/vs/workbench/workbench.desktop.main.js:5909:104
    at e.fire (file:///usr/share/code/resources/app/out/vs/workbench/workbench.desktop.main.js:95:801)
    at file:///usr/share/code/resources/app/out/vs/workbench/workbench.desktop.main.js:6120:679
    at async e.openEditor (file:///usr/share/code/resources/app/out/vs/workbench/workbench.desktop.main.js:6119:589)
[2020-05-20 22:12:51.913] [renderer1] [error] TreeError [MarkersView] Tree element not found: [object Object]: Error: TreeError [MarkersView] Tree element not found: [object Object]
    at t.ObjectTreeModel.getElementLocation (file:///usr/share/code/resources/app/out/vs/workbench/workbench.desktop.main.js:114:373)
    at t.ObjectTreeModel.isCollapsed (file:///usr/share/code/resources/app/out/vs/workbench/workbench.desktop.main.js:113:502)
    at e.isCollapsed (file:///usr/share/code/resources/app/out/vs/workbench/workbench.desktop.main.js:1088:430)
    at e.autoReveal (file:///usr/share/code/resources/app/out/vs/workbench/workbench.desktop.main.js:6902:15)
    at e.onActiveEditorChanged (file:///usr/share/code/resources/app/out/vs/workbench/workbench.desktop.main.js:6898:1000)
    at file:///usr/share/code/resources/app/out/vs/workbench/workbench.desktop.main.js:6897:850
    at file:///usr/share/code/resources/app/out/vs/workbench/workbench.desktop.main.js:92:219
    at e.fire (file:///usr/share/code/resources/app/out/vs/workbench/workbench.desktop.main.js:95:801)
    at e.doHandleActiveEditorChangeEvent (file:///usr/share/code/resources/app/out/vs/workbench/workbench.desktop.main.js:5908:1011)
    at e.handleActiveEditorChange (file:///usr/share/code/resources/app/out/vs/workbench/workbench.desktop.main.js:5908:809)
    at file:///usr/share/code/resources/app/out/vs/workbench/workbench.desktop.main.js:5909:104
    at e.fire (file:///usr/share/code/resources/app/out/vs/workbench/workbench.desktop.main.js:95:801)
    at file:///usr/share/code/resources/app/out/vs/workbench/workbench.desktop.main.js:6120:679
    at async e.openEditor (file:///usr/share/code/resources/app/out/vs/workbench/workbench.desktop.main.js:6119:589)
